<?xml version="1.0" encoding="UTF-8"?>
<!-- Generated by org.testng.reporters.JUnitReportReporter -->
<testsuite hostname="LAPTOP-LG3AL95O" failures="0" tests="1" name="com.app.Test.AmazonTest" time="133.181" errors="0" timestamp="2020-08-29T18:07:50 IST" skipped="0">
  <testcase classname="com.app.Test.AmazonTest" name="validateAddToCartFeature" time="133.181"/>
  <system-out/>
</testsuite> <!-- com.app.Test.AmazonTest -->
